<?xml version="1.0" encoding="UTF-8"?>
<!-- Generated by org.testng.reporters.JUnitXMLReporter -->
<testsuite hostname="DESKTOP-SHQ3D9P" ignored="0" name="Test" tests="3" failures="0" timestamp="2021-04-08T16:41:32 IST" time="63.518" errors="0">
  <testcase name="Test2" time="61.958" classname="Selenium_Grid.Selenium_Grid.Test_Grid"/>
  <testcase name="Test1" time="63.323" classname="Selenium_Grid.Selenium_Grid.Test_Grid"/>
  <testcase name="Test3" time="63.323" classname="Selenium_Grid.Selenium_Grid.Test_Grid"/>
</testsuite> <!-- Test -->
