<?xml version="1.0" encoding="UTF-8"?>
<!-- Generated by org.testng.reporters.JUnitXMLReporter -->
<testsuite hostname="DESKTOP-SHQ3D9P" ignored="0" name="test3" tests="3" failures="0" timestamp="2021-04-08T15:50:11 IST" time="60.744" errors="0">
  <testcase name="Test1" time="28.313" classname="Selenium_Grid.Selenium_Grid.Test_Grid"/>
  <testcase name="Test2" time="15.348" classname="Selenium_Grid.Selenium_Grid.Test_Grid"/>
  <testcase name="TestGridIE" time="16.665" classname="Selenium_Grid.Selenium_Grid.Test_Grid"/>
</testsuite> <!-- test3 -->
