<?xml version="1.0" encoding="UTF-8"?>
<testng-results skipped="0" failed="0" ignored="0" total="3" passed="3">
  <reporter-output>
  </reporter-output>
  <suite name="Suite" duration-ms="63518" started-at="2021-04-08T16:40:28 IST" finished-at="2021-04-08T16:41:32 IST">
    <groups>
    </groups>
    <test name="Test" duration-ms="63518" started-at="2021-04-08T16:40:28 IST" finished-at="2021-04-08T16:41:32 IST">
      <class name="Selenium_Grid.Selenium_Grid.Test_Grid">
        <test-method status="PASS" signature="Test2()[pri:0, instance:Selenium_Grid.Selenium_Grid.Test_Grid@6d64ab]" name="Test2" duration-ms="61958" started-at="2021-04-08T16:40:29 IST" finished-at="2021-04-08T16:41:31 IST">
          <reporter-output>
          </reporter-output>
        </test-method> <!-- Test2 -->
        <test-method status="PASS" signature="Test3()[pri:0, instance:Selenium_Grid.Selenium_Grid.Test_Grid@6d64ab]" name="Test3" duration-ms="63323" started-at="2021-04-08T16:40:29 IST" finished-at="2021-04-08T16:41:32 IST">
          <reporter-output>
          </reporter-output>
        </test-method> <!-- Test3 -->
        <test-method status="PASS" signature="Test1()[pri:0, instance:Selenium_Grid.Selenium_Grid.Test_Grid@6d64ab]" name="Test1" duration-ms="63323" started-at="2021-04-08T16:40:29 IST" finished-at="2021-04-08T16:41:32 IST">
          <reporter-output>
          </reporter-output>
        </test-method> <!-- Test1 -->
      </class> <!-- Selenium_Grid.Selenium_Grid.Test_Grid -->
    </test> <!-- Test -->
  </suite> <!-- Suite -->
</testng-results>
